C51 COMPILER V9.60.0.0   MAIN                                                              11/14/2021 21:30:30 PAGE 1   


C51 COMPILER V9.60.0.0, COMPILATION OF MODULE MAIN
OBJECT MODULE PLACED IN .\Objects\main.obj
COMPILER INVOKED BY: C:\Keil_v5\C51\BIN\C51.EXE main.c OPTIMIZE(8,SPEED) BROWSE DEBUG OBJECTEXTEND PRINT(.\Listings\main
                    -.lst) TABS(2) OBJECT(.\Objects\main.obj)

line level    source

   1          #include <REGX52.H>
   2          #include "clock.h"
   3          
   4          sbit parameters=P2^3;
   5          
   6          unsigned char op_flag=0;
   7          void main(void){
   8   1      
   9   1        timer_init();
  10   1        while(1){
  11   2        if(parameters==0){  
  12   3            delay(600);
  13   3          if(parameters==0){
  14   4            op_flag++;
  15   4          }
  16   3          if(op_flag > 2){
  17   4            op_flag=0;
  18   4          }
  19   3        }
  20   2        if(op_flag==0){
  21   3          clock_work();
  22   3        }else if(op_flag==1){
  23   3           minutes();
  24   3        }else if(op_flag==2){
  25   3            hours();
  26   3        }
  27   2          
  28   2        }
  29   1      
  30   1      }


MODULE INFORMATION:   STATIC OVERLAYABLE
   CODE SIZE        =     61    ----
   CONSTANT SIZE    =   ----    ----
   XDATA SIZE       =   ----    ----
   PDATA SIZE       =   ----    ----
   DATA SIZE        =      1    ----
   IDATA SIZE       =   ----    ----
   BIT SIZE         =   ----    ----
END OF MODULE INFORMATION.


C51 COMPILATION COMPLETE.  0 WARNING(S),  0 ERROR(S)
